<?xml version="1.0" encoding="UTF-8"?>
<!-- Generated by org.testng.reporters.JUnitXMLReporter -->
<testsuite hostname="LTA122IXLR" ignored="3" name="API Test" tests="2" failures="0" timestamp="21 Aug 2018 11:37:07 GMT" time="6.914" errors="0">
  <testcase name="verifyA031Response_0" time="4.699" classname="com.APBCBS.api.TestCases.VerifyA031Response"/>
  <testcase name="verifyA021Response_0" time="1.139" classname="com.APBCBS.api.TestCases.VerifyA021Response"/>
  <testcase name="@BeforeSuite configure" time="0.0" classname="com.APBCBS.api.Setup.RestAssuredSetUp">
    <ignored/>
  </testcase> <!-- @BeforeSuite configure -->
  <testcase name="@AfterSuite afterSuite" time="0.0" classname="com.APBCBS.api.Setup.TestSetup">
    <ignored/>
  </testcase> <!-- @AfterSuite afterSuite -->
  <testcase name="@BeforeSuite setUp" time="0.0" classname="com.APBCBS.api.Setup.TestSetup">
    <ignored/>
  </testcase> <!-- @BeforeSuite setUp -->
</testsuite> <!-- API Test -->
