<?xml version="1.0" encoding="UTF-8"?>
<testsuite name="TestSuite" time="12.248" tests="4" errors="0" skipped="2" failures="1">
  <properties>
[...]
</properties>
  <testcase name="verifyA006Response_0" classname="com.APBCBS.api.TestCases.VerifyA006Response" time="12.248"/>
  <testcase name="verifyA006Response_0" classname="com.APBCBS.api.TestCases.VerifyA006Response" time="0">
    <skipped/>
    <system-out><![CDATA[DEBUG   15348   [freemark] (): Couldn't find template in cache for "index.ftl"("en", UTF-8, parsed); will try to load it.
DEBUG   15348   [freemark] (): TemplateLoader.findTemplateSource("index_en.ftl"): Not found
DEBUG   15348   [freemark] (): TemplateLoader.findTemplateSource("index.ftl"): Found
DEBUG   15348   [freemark] (): Loading template for "index.ftl"("en", UTF-8, parsed) from "jar:file:/C:/Users/A122IXLR/.m2/repository/com/aventstack/extentreports/3.0.6/extentreports-3.0.6.jar!/com/aventstack/extentreports/view/html-report/index.ftl"
DEBUG   15348   [freemark] (): Couldn't find template in cache for "head.ftl"("en", UTF-8, parsed); will try to load it.
DEBUG   15348   [freemark] (): TemplateLoader.findTemplateSource("head_en.ftl"): Not found
DEBUG   15348   [freemark] (): TemplateLoader.findTemplateSource("head.ftl"): Found
DEBUG   15348   [freemark] (): Loading template for "head.ftl"("en", UTF-8, parsed) from "jar:file:/C:/Users/A122IXLR/.m2/repository/com/aventstack/extentreports/3.0.6/extentreports-3.0.6.jar!/com/aventstack/extentreports/view/html-report/head.ftl"
DEBUG   15348   [freemark] (): Couldn't find template in cache for "nav.ftl"("en", UTF-8, parsed); will try to load it.
DEBUG   15348   [freemark] (): TemplateLoader.findTemplateSource("nav_en.ftl"): Not found
DEBUG   15348   [freemark] (): TemplateLoader.findTemplateSource("nav.ftl"): Found
DEBUG   15348   [freemark] (): Loading template for "nav.ftl"("en", UTF-8, parsed) from "jar:file:/C:/Users/A122IXLR/.m2/repository/com/aventstack/extentreports/3.0.6/extentreports-3.0.6.jar!/com/aventstack/extentreports/view/html-report/nav.ftl"
DEBUG   15348   [freemark] (): Couldn't find template in cache for "test-view/test-view.ftl"("en", UTF-8, parsed); will try to load it.
DEBUG   15348   [freemark] (): TemplateLoader.findTemplateSource("test-view/test-view_en.ftl"): Not found
DEBUG   15348   [freemark] (): TemplateLoader.findTemplateSource("test-view/test-view.ftl"): Found
DEBUG   15348   [freemark] (): Loading template for "test-view/test-view.ftl"("en", UTF-8, parsed) from "jar:file:/C:/Users/A122IXLR/.m2/repository/com/aventstack/extentreports/3.0.6/extentreports-3.0.6.jar!/com/aventstack/extentreports/view/html-report/test-view/test-view.ftl"
DEBUG   15348   [freemark] (): Couldn't find template in cache for "test-view/test-view-charts.ftl"("en", UTF-8, parsed); will try to load it.
DEBUG   15348   [freemark] (): TemplateLoader.findTemplateSource("test-view/test-view-charts_en.ftl"): Not found
DEBUG   15348   [freemark] (): TemplateLoader.findTemplateSource("test-view/test-view-charts.ftl"): Found
DEBUG   15348   [freemark] (): Loading template for "test-view/test-view-charts.ftl"("en", UTF-8, parsed) from "jar:file:/C:/Users/A122IXLR/.m2/repository/com/aventstack/extentreports/3.0.6/extentreports-3.0.6.jar!/com/aventstack/extentreports/view/html-report/test-view/test-view-charts.ftl"
DEBUG   15348   [freemark] (): Couldn't find template in cache for "test-view/standard.ftl"("en", UTF-8, parsed); will try to load it.
DEBUG   15348   [freemark] (): TemplateLoader.findTemplateSource("test-view/standard_en.ftl"): Not found
DEBUG   15348   [freemark] (): TemplateLoader.findTemplateSource("test-view/standard.ftl"): Found
DEBUG   15348   [freemark] (): Loading template for "test-view/standard.ftl"("en", UTF-8, parsed) from "jar:file:/C:/Users/A122IXLR/.m2/repository/com/aventstack/extentreports/3.0.6/extentreports-3.0.6.jar!/com/aventstack/extentreports/view/html-report/test-view/standard.ftl"
DEBUG   15348   [freemark] (): Couldn't find template in cache for "category-view/category-view.ftl"("en", UTF-8, parsed); will try to load it.
DEBUG   15348   [freemark] (): TemplateLoader.findTemplateSource("category-view/category-view_en.ftl"): Not found
DEBUG   15348   [freemark] (): TemplateLoader.findTemplateSource("category-view/category-view.ftl"): Found
DEBUG   15348   [freemark] (): Loading template for "category-view/category-view.ftl"("en", UTF-8, parsed) from "jar:file:/C:/Users/A122IXLR/.m2/repository/com/aventstack/extentreports/3.0.6/extentreports-3.0.6.jar!/com/aventstack/extentreports/view/html-report/category-view/category-view.ftl"
DEBUG   15348   [freemark] (): Couldn't find template in cache for "author-view/author-view.ftl"("en", UTF-8, parsed); will try to load it.
DEBUG   15348   [freemark] (): TemplateLoader.findTemplateSource("author-view/author-view_en.ftl"): Not found
DEBUG   15348   [freemark] (): TemplateLoader.findTemplateSource("author-view/author-view.ftl"): Found
DEBUG   15348   [freemark] (): Loading template for "author-view/author-view.ftl"("en", UTF-8, parsed) from "jar:file:/C:/Users/A122IXLR/.m2/repository/com/aventstack/extentreports/3.0.6/extentreports-3.0.6.jar!/com/aventstack/extentreports/view/html-report/author-view/author-view.ftl"
DEBUG   15348   [freemark] (): Couldn't find template in cache for "exception-view/exception-view.ftl"("en", UTF-8, parsed); will try to load it.
DEBUG   15348   [freemark] (): TemplateLoader.findTemplateSource("exception-view/exception-view_en.ftl"): Not found
DEBUG   15348   [freemark] (): TemplateLoader.findTemplateSource("exception-view/exception-view.ftl"): Found
DEBUG   15348   [freemark] (): Loading template for "exception-view/exception-view.ftl"("en", UTF-8, parsed) from "jar:file:/C:/Users/A122IXLR/.m2/repository/com/aventstack/extentreports/3.0.6/extentreports-3.0.6.jar!/com/aventstack/extentreports/view/html-report/exception-view/exception-view.ftl"
DEBUG   15348   [freemark] (): Couldn't find template in cache for "dashboard-view/dashboard-view.ftl"("en", UTF-8, parsed); will try to load it.
DEBUG   15348   [freemark] (): TemplateLoader.findTemplateSource("dashboard-view/dashboard-view_en.ftl"): Not found
DEBUG   15348   [freemark] (): TemplateLoader.findTemplateSource("dashboard-view/dashboard-view.ftl"): Found
DEBUG   15348   [freemark] (): Loading template for "dashboard-view/dashboard-view.ftl"("en", UTF-8, parsed) from "jar:file:/C:/Users/A122IXLR/.m2/repository/com/aventstack/extentreports/3.0.6/extentreports-3.0.6.jar!/com/aventstack/extentreports/view/html-report/dashboard-view/dashboard-view.ftl"
DEBUG   15348   [freemark] (): Couldn't find template in cache for "logs-view/testrunner-logs-view.ftl"("en", UTF-8, parsed); will try to load it.
DEBUG   15348   [freemark] (): TemplateLoader.findTemplateSource("logs-view/testrunner-logs-view_en.ftl"): Not found
DEBUG   15348   [freemark] (): TemplateLoader.findTemplateSource("logs-view/testrunner-logs-view.ftl"): Found
DEBUG   15348   [freemark] (): Loading template for "logs-view/testrunner-logs-view.ftl"("en", UTF-8, parsed) from "jar:file:/C:/Users/A122IXLR/.m2/repository/com/aventstack/extentreports/3.0.6/extentreports-3.0.6.jar!/com/aventstack/extentreports/view/html-report/logs-view/testrunner-logs-view.ftl"
<?xml version="1.0" encoding="UTF-8" standalone="yes"?>
<input>
    <EarmarkType>3</EarmarkType>
    <ExpiryDate>20221201</ExpiryDate>
    <fromAccount>1000002054</fromAccount>
    <fromCustNationalIdentificationCode></fromCustNationalIdentificationCode>
    <fromCustomerSegment></fromCustomerSegment>
    <HoldAmount>1</HoldAmount>
    <HoldNumber>1</HoldNumber>
    <Narrative>test1600</Narrative>
    <ProductCode></ProductCode>
    <SessionContext>
        <BankCode>753</BankCode>
        <Channel>API</Channel>
        <ExternalBatchNumber></ExternalBatchNumber>
        <ExternalReferenceNo>9179331430</ExternalReferenceNo>
        <ExternalSystemAuditTrailNumber></ExternalSystemAuditTrailNumber>
        <LocalDateTimeText></LocalDateTimeText>
        <OriginalReferenceNo></OriginalReferenceNo>
        <OverridenWarnings></OverridenWarnings>
        <PostingDateText></PostingDateText>
        <ServiceCode>A006</ServiceCode>
        <ServiceTicket></ServiceTicket>
        <SuperContext>
            <PrimaryPassword></PrimaryPassword>
            <UserId></UserId>
        </SuperContext>
        <TransactionBranch>9999</TransactionBranch>
        <UserId>SYSTELLER</UserId>
        <UserReferenceNumber></UserReferenceNumber>
        <ValueDateText></ValueDateText>
    </SessionContext>
    <toAccount>8000965856</toAccount>
    <toCustNationalIdentificationCode></toCustNationalIdentificationCode>
    <toCustomerSegment></toCustomerSegment>
    <ToProductCode></ToProductCode>
    <TxnAction>d</TxnAction>
</input>

<?xml version="1.0"?>
<Response><TransactionStatus><ExtendedReply><MessagesArray/></ExtendedReply><ErrorCode>8102</ErrorCode><ExternalReferenceNo>9179331430</ExternalReferenceNo><IsOverriden>false</IsOverriden><IsServiceChargeApplied>false</IsServiceChargeApplied><Memo/><ReplyCode>99</ReplyCode><ReplyText>Sorry! Transaction could not be processed due to invalid trasnaction reference number</ReplyText><SpReturnValue>0</SpReturnValue></TransactionStatus></Response>

ErrorCode : 8102
Retrying test verifyA006Response_0 with status FAILURE for the 1 time(s).
]]></system-out>
  </testcase>
  <testcase name="verifyA006Response_0" classname="com.APBCBS.api.TestCases.VerifyA006Response" time="0">
    <skipped/>
    <system-out><![CDATA[DEBUG   15348   [freemark] (): Couldn't find template in cache for "index.ftl"("en", UTF-8, parsed); will try to load it.
DEBUG   15348   [freemark] (): TemplateLoader.findTemplateSource("index_en.ftl"): Not found
DEBUG   15348   [freemark] (): TemplateLoader.findTemplateSource("index.ftl"): Found
DEBUG   15348   [freemark] (): Loading template for "index.ftl"("en", UTF-8, parsed) from "jar:file:/C:/Users/A122IXLR/.m2/repository/com/aventstack/extentreports/3.0.6/extentreports-3.0.6.jar!/com/aventstack/extentreports/view/html-report/index.ftl"
DEBUG   15348   [freemark] (): Couldn't find template in cache for "head.ftl"("en", UTF-8, parsed); will try to load it.
DEBUG   15348   [freemark] (): TemplateLoader.findTemplateSource("head_en.ftl"): Not found
DEBUG   15348   [freemark] (): TemplateLoader.findTemplateSource("head.ftl"): Found
DEBUG   15348   [freemark] (): Loading template for "head.ftl"("en", UTF-8, parsed) from "jar:file:/C:/Users/A122IXLR/.m2/repository/com/aventstack/extentreports/3.0.6/extentreports-3.0.6.jar!/com/aventstack/extentreports/view/html-report/head.ftl"
DEBUG   15348   [freemark] (): Couldn't find template in cache for "nav.ftl"("en", UTF-8, parsed); will try to load it.
DEBUG   15348   [freemark] (): TemplateLoader.findTemplateSource("nav_en.ftl"): Not found
DEBUG   15348   [freemark] (): TemplateLoader.findTemplateSource("nav.ftl"): Found
DEBUG   15348   [freemark] (): Loading template for "nav.ftl"("en", UTF-8, parsed) from "jar:file:/C:/Users/A122IXLR/.m2/repository/com/aventstack/extentreports/3.0.6/extentreports-3.0.6.jar!/com/aventstack/extentreports/view/html-report/nav.ftl"
DEBUG   15348   [freemark] (): Couldn't find template in cache for "test-view/test-view.ftl"("en", UTF-8, parsed); will try to load it.
DEBUG   15348   [freemark] (): TemplateLoader.findTemplateSource("test-view/test-view_en.ftl"): Not found
DEBUG   15348   [freemark] (): TemplateLoader.findTemplateSource("test-view/test-view.ftl"): Found
DEBUG   15348   [freemark] (): Loading template for "test-view/test-view.ftl"("en", UTF-8, parsed) from "jar:file:/C:/Users/A122IXLR/.m2/repository/com/aventstack/extentreports/3.0.6/extentreports-3.0.6.jar!/com/aventstack/extentreports/view/html-report/test-view/test-view.ftl"
DEBUG   15348   [freemark] (): Couldn't find template in cache for "test-view/test-view-charts.ftl"("en", UTF-8, parsed); will try to load it.
DEBUG   15348   [freemark] (): TemplateLoader.findTemplateSource("test-view/test-view-charts_en.ftl"): Not found
DEBUG   15348   [freemark] (): TemplateLoader.findTemplateSource("test-view/test-view-charts.ftl"): Found
DEBUG   15348   [freemark] (): Loading template for "test-view/test-view-charts.ftl"("en", UTF-8, parsed) from "jar:file:/C:/Users/A122IXLR/.m2/repository/com/aventstack/extentreports/3.0.6/extentreports-3.0.6.jar!/com/aventstack/extentreports/view/html-report/test-view/test-view-charts.ftl"
DEBUG   15348   [freemark] (): Couldn't find template in cache for "test-view/standard.ftl"("en", UTF-8, parsed); will try to load it.
DEBUG   15348   [freemark] (): TemplateLoader.findTemplateSource("test-view/standard_en.ftl"): Not found
DEBUG   15348   [freemark] (): TemplateLoader.findTemplateSource("test-view/standard.ftl"): Found
DEBUG   15348   [freemark] (): Loading template for "test-view/standard.ftl"("en", UTF-8, parsed) from "jar:file:/C:/Users/A122IXLR/.m2/repository/com/aventstack/extentreports/3.0.6/extentreports-3.0.6.jar!/com/aventstack/extentreports/view/html-report/test-view/standard.ftl"
DEBUG   15348   [freemark] (): Couldn't find template in cache for "category-view/category-view.ftl"("en", UTF-8, parsed); will try to load it.
DEBUG   15348   [freemark] (): TemplateLoader.findTemplateSource("category-view/category-view_en.ftl"): Not found
DEBUG   15348   [freemark] (): TemplateLoader.findTemplateSource("category-view/category-view.ftl"): Found
DEBUG   15348   [freemark] (): Loading template for "category-view/category-view.ftl"("en", UTF-8, parsed) from "jar:file:/C:/Users/A122IXLR/.m2/repository/com/aventstack/extentreports/3.0.6/extentreports-3.0.6.jar!/com/aventstack/extentreports/view/html-report/category-view/category-view.ftl"
DEBUG   15348   [freemark] (): Couldn't find template in cache for "author-view/author-view.ftl"("en", UTF-8, parsed); will try to load it.
DEBUG   15348   [freemark] (): TemplateLoader.findTemplateSource("author-view/author-view_en.ftl"): Not found
DEBUG   15348   [freemark] (): TemplateLoader.findTemplateSource("author-view/author-view.ftl"): Found
DEBUG   15348   [freemark] (): Loading template for "author-view/author-view.ftl"("en", UTF-8, parsed) from "jar:file:/C:/Users/A122IXLR/.m2/repository/com/aventstack/extentreports/3.0.6/extentreports-3.0.6.jar!/com/aventstack/extentreports/view/html-report/author-view/author-view.ftl"
DEBUG   15348   [freemark] (): Couldn't find template in cache for "exception-view/exception-view.ftl"("en", UTF-8, parsed); will try to load it.
DEBUG   15348   [freemark] (): TemplateLoader.findTemplateSource("exception-view/exception-view_en.ftl"): Not found
DEBUG   15348   [freemark] (): TemplateLoader.findTemplateSource("exception-view/exception-view.ftl"): Found
DEBUG   15348   [freemark] (): Loading template for "exception-view/exception-view.ftl"("en", UTF-8, parsed) from "jar:file:/C:/Users/A122IXLR/.m2/repository/com/aventstack/extentreports/3.0.6/extentreports-3.0.6.jar!/com/aventstack/extentreports/view/html-report/exception-view/exception-view.ftl"
DEBUG   15348   [freemark] (): Couldn't find template in cache for "dashboard-view/dashboard-view.ftl"("en", UTF-8, parsed); will try to load it.
DEBUG   15348   [freemark] (): TemplateLoader.findTemplateSource("dashboard-view/dashboard-view_en.ftl"): Not found
DEBUG   15348   [freemark] (): TemplateLoader.findTemplateSource("dashboard-view/dashboard-view.ftl"): Found
DEBUG   15348   [freemark] (): Loading template for "dashboard-view/dashboard-view.ftl"("en", UTF-8, parsed) from "jar:file:/C:/Users/A122IXLR/.m2/repository/com/aventstack/extentreports/3.0.6/extentreports-3.0.6.jar!/com/aventstack/extentreports/view/html-report/dashboard-view/dashboard-view.ftl"
DEBUG   15348   [freemark] (): Couldn't find template in cache for "logs-view/testrunner-logs-view.ftl"("en", UTF-8, parsed); will try to load it.
DEBUG   15348   [freemark] (): TemplateLoader.findTemplateSource("logs-view/testrunner-logs-view_en.ftl"): Not found
DEBUG   15348   [freemark] (): TemplateLoader.findTemplateSource("logs-view/testrunner-logs-view.ftl"): Found
DEBUG   15348   [freemark] (): Loading template for "logs-view/testrunner-logs-view.ftl"("en", UTF-8, parsed) from "jar:file:/C:/Users/A122IXLR/.m2/repository/com/aventstack/extentreports/3.0.6/extentreports-3.0.6.jar!/com/aventstack/extentreports/view/html-report/logs-view/testrunner-logs-view.ftl"
<?xml version="1.0" encoding="UTF-8" standalone="yes"?>
<input>
    <EarmarkType>3</EarmarkType>
    <ExpiryDate>20221201</ExpiryDate>
    <fromAccount>1000002054</fromAccount>
    <fromCustNationalIdentificationCode></fromCustNationalIdentificationCode>
    <fromCustomerSegment></fromCustomerSegment>
    <HoldAmount>1</HoldAmount>
    <HoldNumber>1</HoldNumber>
    <Narrative>test1600</Narrative>
    <ProductCode></ProductCode>
    <SessionContext>
        <BankCode>753</BankCode>
        <Channel>API</Channel>
        <ExternalBatchNumber></ExternalBatchNumber>
        <ExternalReferenceNo>9277533041</ExternalReferenceNo>
        <ExternalSystemAuditTrailNumber></ExternalSystemAuditTrailNumber>
        <LocalDateTimeText></LocalDateTimeText>
        <OriginalReferenceNo></OriginalReferenceNo>
        <OverridenWarnings></OverridenWarnings>
        <PostingDateText></PostingDateText>
        <ServiceCode>A006</ServiceCode>
        <ServiceTicket></ServiceTicket>
        <SuperContext>
            <PrimaryPassword></PrimaryPassword>
            <UserId></UserId>
        </SuperContext>
        <TransactionBranch>9999</TransactionBranch>
        <UserId>SYSTELLER</UserId>
        <UserReferenceNumber></UserReferenceNumber>
        <ValueDateText></ValueDateText>
    </SessionContext>
    <toAccount>8000965856</toAccount>
    <toCustNationalIdentificationCode></toCustNationalIdentificationCode>
    <toCustomerSegment></toCustomerSegment>
    <ToProductCode></ToProductCode>
    <TxnAction>d</TxnAction>
</input>

<?xml version="1.0"?>
<Response><TransactionStatus><ExtendedReply><MessagesArray/></ExtendedReply><ErrorCode>8102</ErrorCode><ExternalReferenceNo>9277533041</ExternalReferenceNo><IsOverriden>false</IsOverriden><IsServiceChargeApplied>false</IsServiceChargeApplied><Memo/><ReplyCode>99</ReplyCode><ReplyText>Sorry! Transaction could not be processed due to invalid trasnaction reference number</ReplyText><SpReturnValue>0</SpReturnValue></TransactionStatus></Response>

ErrorCode : 8102
Retrying test verifyA006Response_0 with status FAILURE for the 2 time(s).
]]></system-out>
  </testcase>
  <testcase name="verifyA006Response_0" classname="com.APBCBS.api.TestCases.VerifyA006Response" time="0.758">
    <failure message="expected [0] but found [8102]" type="java.lang.AssertionError">java.lang.AssertionError: expected [0] but found [8102]
	at org.testng.Assert.fail(Assert.java:93)
	at org.testng.Assert.failNotEquals(Assert.java:512)
	at org.testng.Assert.assertEqualsImpl(Assert.java:134)
	at org.testng.Assert.assertEquals(Assert.java:115)
	at org.testng.Assert.assertEquals(Assert.java:189)
	at org.testng.Assert.assertEquals(Assert.java:199)
	at com.APBCBS.api.ApiClasses.A006API.postRequestWithValidData(A006API.java:36)
	at com.APBCBS.api.TestCases.VerifyA006Response.verifyA006Response_0(VerifyA006Response.java:22)
</failure>
    <system-out><![CDATA[DEBUG   15348   [freemark] (): Couldn't find template in cache for "index.ftl"("en", UTF-8, parsed); will try to load it.
DEBUG   15348   [freemark] (): TemplateLoader.findTemplateSource("index_en.ftl"): Not found
DEBUG   15348   [freemark] (): TemplateLoader.findTemplateSource("index.ftl"): Found
DEBUG   15348   [freemark] (): Loading template for "index.ftl"("en", UTF-8, parsed) from "jar:file:/C:/Users/A122IXLR/.m2/repository/com/aventstack/extentreports/3.0.6/extentreports-3.0.6.jar!/com/aventstack/extentreports/view/html-report/index.ftl"
DEBUG   15348   [freemark] (): Couldn't find template in cache for "head.ftl"("en", UTF-8, parsed); will try to load it.
DEBUG   15348   [freemark] (): TemplateLoader.findTemplateSource("head_en.ftl"): Not found
DEBUG   15348   [freemark] (): TemplateLoader.findTemplateSource("head.ftl"): Found
DEBUG   15348   [freemark] (): Loading template for "head.ftl"("en", UTF-8, parsed) from "jar:file:/C:/Users/A122IXLR/.m2/repository/com/aventstack/extentreports/3.0.6/extentreports-3.0.6.jar!/com/aventstack/extentreports/view/html-report/head.ftl"
DEBUG   15348   [freemark] (): Couldn't find template in cache for "nav.ftl"("en", UTF-8, parsed); will try to load it.
DEBUG   15348   [freemark] (): TemplateLoader.findTemplateSource("nav_en.ftl"): Not found
DEBUG   15348   [freemark] (): TemplateLoader.findTemplateSource("nav.ftl"): Found
DEBUG   15348   [freemark] (): Loading template for "nav.ftl"("en", UTF-8, parsed) from "jar:file:/C:/Users/A122IXLR/.m2/repository/com/aventstack/extentreports/3.0.6/extentreports-3.0.6.jar!/com/aventstack/extentreports/view/html-report/nav.ftl"
DEBUG   15348   [freemark] (): Couldn't find template in cache for "test-view/test-view.ftl"("en", UTF-8, parsed); will try to load it.
DEBUG   15348   [freemark] (): TemplateLoader.findTemplateSource("test-view/test-view_en.ftl"): Not found
DEBUG   15348   [freemark] (): TemplateLoader.findTemplateSource("test-view/test-view.ftl"): Found
DEBUG   15348   [freemark] (): Loading template for "test-view/test-view.ftl"("en", UTF-8, parsed) from "jar:file:/C:/Users/A122IXLR/.m2/repository/com/aventstack/extentreports/3.0.6/extentreports-3.0.6.jar!/com/aventstack/extentreports/view/html-report/test-view/test-view.ftl"
DEBUG   15348   [freemark] (): Couldn't find template in cache for "test-view/test-view-charts.ftl"("en", UTF-8, parsed); will try to load it.
DEBUG   15348   [freemark] (): TemplateLoader.findTemplateSource("test-view/test-view-charts_en.ftl"): Not found
DEBUG   15348   [freemark] (): TemplateLoader.findTemplateSource("test-view/test-view-charts.ftl"): Found
DEBUG   15348   [freemark] (): Loading template for "test-view/test-view-charts.ftl"("en", UTF-8, parsed) from "jar:file:/C:/Users/A122IXLR/.m2/repository/com/aventstack/extentreports/3.0.6/extentreports-3.0.6.jar!/com/aventstack/extentreports/view/html-report/test-view/test-view-charts.ftl"
DEBUG   15348   [freemark] (): Couldn't find template in cache for "test-view/standard.ftl"("en", UTF-8, parsed); will try to load it.
DEBUG   15348   [freemark] (): TemplateLoader.findTemplateSource("test-view/standard_en.ftl"): Not found
DEBUG   15348   [freemark] (): TemplateLoader.findTemplateSource("test-view/standard.ftl"): Found
DEBUG   15348   [freemark] (): Loading template for "test-view/standard.ftl"("en", UTF-8, parsed) from "jar:file:/C:/Users/A122IXLR/.m2/repository/com/aventstack/extentreports/3.0.6/extentreports-3.0.6.jar!/com/aventstack/extentreports/view/html-report/test-view/standard.ftl"
DEBUG   15348   [freemark] (): Couldn't find template in cache for "category-view/category-view.ftl"("en", UTF-8, parsed); will try to load it.
DEBUG   15348   [freemark] (): TemplateLoader.findTemplateSource("category-view/category-view_en.ftl"): Not found
DEBUG   15348   [freemark] (): TemplateLoader.findTemplateSource("category-view/category-view.ftl"): Found
DEBUG   15348   [freemark] (): Loading template for "category-view/category-view.ftl"("en", UTF-8, parsed) from "jar:file:/C:/Users/A122IXLR/.m2/repository/com/aventstack/extentreports/3.0.6/extentreports-3.0.6.jar!/com/aventstack/extentreports/view/html-report/category-view/category-view.ftl"
DEBUG   15348   [freemark] (): Couldn't find template in cache for "author-view/author-view.ftl"("en", UTF-8, parsed); will try to load it.
DEBUG   15348   [freemark] (): TemplateLoader.findTemplateSource("author-view/author-view_en.ftl"): Not found
DEBUG   15348   [freemark] (): TemplateLoader.findTemplateSource("author-view/author-view.ftl"): Found
DEBUG   15348   [freemark] (): Loading template for "author-view/author-view.ftl"("en", UTF-8, parsed) from "jar:file:/C:/Users/A122IXLR/.m2/repository/com/aventstack/extentreports/3.0.6/extentreports-3.0.6.jar!/com/aventstack/extentreports/view/html-report/author-view/author-view.ftl"
DEBUG   15348   [freemark] (): Couldn't find template in cache for "exception-view/exception-view.ftl"("en", UTF-8, parsed); will try to load it.
DEBUG   15348   [freemark] (): TemplateLoader.findTemplateSource("exception-view/exception-view_en.ftl"): Not found
DEBUG   15348   [freemark] (): TemplateLoader.findTemplateSource("exception-view/exception-view.ftl"): Found
DEBUG   15348   [freemark] (): Loading template for "exception-view/exception-view.ftl"("en", UTF-8, parsed) from "jar:file:/C:/Users/A122IXLR/.m2/repository/com/aventstack/extentreports/3.0.6/extentreports-3.0.6.jar!/com/aventstack/extentreports/view/html-report/exception-view/exception-view.ftl"
DEBUG   15348   [freemark] (): Couldn't find template in cache for "dashboard-view/dashboard-view.ftl"("en", UTF-8, parsed); will try to load it.
DEBUG   15348   [freemark] (): TemplateLoader.findTemplateSource("dashboard-view/dashboard-view_en.ftl"): Not found
DEBUG   15348   [freemark] (): TemplateLoader.findTemplateSource("dashboard-view/dashboard-view.ftl"): Found
DEBUG   15348   [freemark] (): Loading template for "dashboard-view/dashboard-view.ftl"("en", UTF-8, parsed) from "jar:file:/C:/Users/A122IXLR/.m2/repository/com/aventstack/extentreports/3.0.6/extentreports-3.0.6.jar!/com/aventstack/extentreports/view/html-report/dashboard-view/dashboard-view.ftl"
DEBUG   15348   [freemark] (): Couldn't find template in cache for "logs-view/testrunner-logs-view.ftl"("en", UTF-8, parsed); will try to load it.
DEBUG   15348   [freemark] (): TemplateLoader.findTemplateSource("logs-view/testrunner-logs-view_en.ftl"): Not found
DEBUG   15348   [freemark] (): TemplateLoader.findTemplateSource("logs-view/testrunner-logs-view.ftl"): Found
DEBUG   15348   [freemark] (): Loading template for "logs-view/testrunner-logs-view.ftl"("en", UTF-8, parsed) from "jar:file:/C:/Users/A122IXLR/.m2/repository/com/aventstack/extentreports/3.0.6/extentreports-3.0.6.jar!/com/aventstack/extentreports/view/html-report/logs-view/testrunner-logs-view.ftl"
<?xml version="1.0" encoding="UTF-8" standalone="yes"?>
<input>
    <EarmarkType>3</EarmarkType>
    <ExpiryDate>20221201</ExpiryDate>
    <fromAccount>1000002054</fromAccount>
    <fromCustNationalIdentificationCode></fromCustNationalIdentificationCode>
    <fromCustomerSegment></fromCustomerSegment>
    <HoldAmount>1</HoldAmount>
    <HoldNumber>1</HoldNumber>
    <Narrative>test1600</Narrative>
    <ProductCode></ProductCode>
    <SessionContext>
        <BankCode>753</BankCode>
        <Channel>API</Channel>
        <ExternalBatchNumber></ExternalBatchNumber>
        <ExternalReferenceNo>9346268904</ExternalReferenceNo>
        <ExternalSystemAuditTrailNumber></ExternalSystemAuditTrailNumber>
        <LocalDateTimeText></LocalDateTimeText>
        <OriginalReferenceNo></OriginalReferenceNo>
        <OverridenWarnings></OverridenWarnings>
        <PostingDateText></PostingDateText>
        <ServiceCode>A006</ServiceCode>
        <ServiceTicket></ServiceTicket>
        <SuperContext>
            <PrimaryPassword></PrimaryPassword>
            <UserId></UserId>
        </SuperContext>
        <TransactionBranch>9999</TransactionBranch>
        <UserId>SYSTELLER</UserId>
        <UserReferenceNumber></UserReferenceNumber>
        <ValueDateText></ValueDateText>
    </SessionContext>
    <toAccount>8000965856</toAccount>
    <toCustNationalIdentificationCode></toCustNationalIdentificationCode>
    <toCustomerSegment></toCustomerSegment>
    <ToProductCode></ToProductCode>
    <TxnAction>d</TxnAction>
</input>

<?xml version="1.0"?>
<Response><TransactionStatus><ExtendedReply><MessagesArray/></ExtendedReply><ErrorCode>8102</ErrorCode><ExternalReferenceNo>9346268904</ExternalReferenceNo><IsOverriden>false</IsOverriden><IsServiceChargeApplied>false</IsServiceChargeApplied><Memo/><ReplyCode>99</ReplyCode><ReplyText>Sorry! Transaction could not be processed due to invalid trasnaction reference number</ReplyText><SpReturnValue>0</SpReturnValue></TransactionStatus></Response>

ErrorCode : 8102
]]></system-out>
  </testcase>
</testsuite>